[19:48:25] [STDOUT] (profiler.cpp:35) +-----------------------------------{ Funcs }-----------------------------------+
[19:48:25] [STDOUT] (profiler.cpp:35) |  Order  |  Count  |  Interval  |   Time (ms)   |  Time (ns)   |  Total (ms)   |
[19:48:25] [STDOUT] (profiler.cpp:35) +---------+---------+------------+---------------+--------------+---------------+
[19:48:25] [STDOUT] (profiler.cpp:35) |    1    |    1    |   Switch   |  3925.167691  |  3925167691  |  3925.167691  |
[19:48:25] [STDOUT] (profiler.cpp:35) |    2    |    1    |   Index    |  3943.075209  |  3943075209  |  3943.075209  |
[19:48:25] [STDOUT] (profiler.cpp:35) +---------+---------+------------+---------------+--------------+---------------+
[19:49:31] [TRACE] (main.cpp:109) 613228204265
[19:49:35] [TRACE] (main.cpp:149) 613228204264
[19:49:35] [STDOUT] (profiler.cpp:35) +-----------------------------------{ Funcs }-----------------------------------+
[19:49:35] [STDOUT] (profiler.cpp:35) |  Order  |  Count  |  Interval  |   Time (ms)   |  Time (ns)   |  Total (ms)   |
[19:49:35] [STDOUT] (profiler.cpp:35) +---------+---------+------------+---------------+--------------+---------------+
[19:49:35] [STDOUT] (profiler.cpp:35) |    1    |    1    |   Switch   |  3981.073775  |  3981073775  |  3981.073775  |
[19:49:35] [STDOUT] (profiler.cpp:35) |    2    |    1    |   Index    |  3985.026670  |  3985026670  |  3985.026670  |
[19:49:35] [STDOUT] (profiler.cpp:35) +---------+---------+------------+---------------+--------------+---------------+
[19:50:07] [TRACE] (main.cpp:109) 613228204264
[19:50:11] [TRACE] (main.cpp:149) 613228204264
[19:50:11] [STDOUT] (profiler.cpp:35) +-----------------------------------{ Funcs }-----------------------------------+
[19:50:11] [STDOUT] (profiler.cpp:35) |  Order  |  Count  |  Interval  |   Time (ms)   |  Time (ns)   |  Total (ms)   |
[19:50:11] [STDOUT] (profiler.cpp:35) +---------+---------+------------+---------------+--------------+---------------+
[19:50:11] [STDOUT] (profiler.cpp:35) |    1    |    1    |   Switch   |  4009.920094  |  4009920094  |  4009.920094  |
[19:50:11] [STDOUT] (profiler.cpp:35) |    2    |    1    |   Index    |  4013.069061  |  4013069061  |  4013.069061  |
[19:50:11] [STDOUT] (profiler.cpp:35) +---------+---------+------------+---------------+--------------+---------------+
